<?xml version="1.0" encoding="utf-8"?><testsuites name="pytest tests"><testsuite name="pytest" errors="0" failures="0" skipped="0" tests="12" time="5.840" timestamp="2026-03-24T08:03:14.971363+00:00" hostname="agent-env-d5d51357-dd51-4b09-988e-cda96e08de58"><testcase classname="backend.tests.test_countries_departments.TestCountriesAndDepartmentsAPI" name="test_get_countries_list" time="0.622" /><testcase classname="backend.tests.test_countries_departments.TestCountriesAndDepartmentsAPI" name="test_create_country" time="0.588" /><testcase classname="backend.tests.test_countries_departments.TestCountriesAndDepartmentsAPI" name="test_create_duplicate_country_fails" time="0.548" /><testcase classname="backend.tests.test_countries_departments.TestCountriesAndDepartmentsAPI" name="test_delete_country" time="0.561" /><testcase classname="backend.tests.test_countries_departments.TestCountriesAndDepartmentsAPI" name="test_get_departments_list" time="0.529" /><testcase classname="backend.tests.test_countries_departments.TestCountriesAndDepartmentsAPI" name="test_create_department" time="0.616" /><testcase classname="backend.tests.test_countries_departments.TestCountriesAndDepartmentsAPI" name="test_create_duplicate_department_fails" time="0.565" /><testcase classname="backend.tests.test_countries_departments.TestCountriesAndDepartmentsAPI" name="test_delete_department" time="0.547" /><testcase classname="backend.tests.test_countries_departments.TestCountriesAndDepartmentsAPI" name="test_countries_used_in_employee_form" time="0.486" /><testcase classname="backend.tests.test_countries_departments.TestCountriesAndDepartmentsAPI" name="test_departments_used_in_employee_form" time="0.510" /><testcase classname="backend.tests.test_countries_departments.TestAuthenticationRequired" name="test_countries_requires_auth" time="0.099" /><testcase classname="backend.tests.test_countries_departments.TestAuthenticationRequired" name="test_departments_requires_auth" time="0.103" /></testsuite></testsuites>